<?xml version="1.0" encoding="UTF-8"?>
<!-- Generated by org.testng.reporters.JUnitXMLReporter -->
<testsuite hostname="Lenovo-PC" name="ChromeBrowser" tests="3" failures="1" timestamp="28 May 2020 01:19:03 GMT" time="56.05" errors="0">
  <testcase name="customerservice_through_contactuspage" time="6.13" classname="com.testng.CustomerService"/>
  <testcase name="addEveningDressesthroughMore" time="18.608" classname="com.testng.Dresses">
    <failure type="java.lang.AssertionError" message="expected [Product successfully added to your shopping cart] but found []">
      <![CDATA[java.lang.AssertionError: expected [Product successfully added to your shopping cart] but found []
	at com.testng.Dresses.addEveningDressesthroughMore(Dresses.java:34)
... Removed 29 stack frames]]>
    </failure>
  </testcase> <!-- addEveningDressesthroughMore -->
  <testcase name="AddTshirtstocart" time="5.475" classname="com.testng.Women"/>
</testsuite> <!-- ChromeBrowser -->
