<?xml version="1.0" encoding="UTF-8"?>
<!-- Generated by org.testng.reporters.JUnitXMLReporter -->
<testsuite hostname="Lenovo-PC" name="FirefoxBrowser" tests="3" failures="3" timestamp="27 May 2020 02:10:30 GMT" time="104.75" errors="0">
  <testcase name="customerservice_through_contactuspage" time="27.05" classname="com.testng.CustomerService">
    <failure type="java.lang.AssertionError" message="Element is displayd expected [true] but found [false]">
      <![CDATA[java.lang.AssertionError: Element is displayd expected [true] but found [false]
	at com.testng.CustomerService.customerservice_through_contactuspage(CustomerService.java:24)
	at java.util.concurrent.FutureTask.run(FutureTask.java:266)
	at java.util.concurrent.ThreadPoolExecutor.runWorker(ThreadPoolExecutor.java:1142)
	at java.util.concurrent.ThreadPoolExecutor$Worker.run(ThreadPoolExecutor.java:617)
	at java.lang.Thread.run(Thread.java:745)
... Removed 19 stack frames]]>
    </failure>
  </testcase> <!-- customerservice_through_contactuspage -->
  <testcase name="addEveningDressesthroughMore" time="45.412" classname="com.testng.Dresses">
    <failure type="java.lang.AssertionError" message="expected [Product successfully added to your shopping cart] but found []">
      <![CDATA[java.lang.AssertionError: expected [Product successfully added to your shopping cart] but found []
	at com.testng.Dresses.addEveningDressesthroughMore(Dresses.java:34)
	at java.util.concurrent.FutureTask.run(FutureTask.java:266)
	at java.util.concurrent.ThreadPoolExecutor.runWorker(ThreadPoolExecutor.java:1142)
	at java.util.concurrent.ThreadPoolExecutor$Worker.run(ThreadPoolExecutor.java:617)
	at java.lang.Thread.run(Thread.java:745)
... Removed 21 stack frames]]>
    </failure>
  </testcase> <!-- addEveningDressesthroughMore -->
  <testcase name="AddTshirtstocart" time="5.138" classname="com.testng.Women">
    <failure type="java.lang.AssertionError" message="expected [Product successfully added to your shopping cart] but found []">
      <![CDATA[java.lang.AssertionError: expected [Product successfully added to your shopping cart] but found []
	at com.testng.Women.AddTshirtstocart(Women.java:30)
	at java.util.concurrent.FutureTask.run(FutureTask.java:266)
	at java.util.concurrent.ThreadPoolExecutor.runWorker(ThreadPoolExecutor.java:1142)
	at java.util.concurrent.ThreadPoolExecutor$Worker.run(ThreadPoolExecutor.java:617)
	at java.lang.Thread.run(Thread.java:745)
... Removed 21 stack frames]]>
    </failure>
  </testcase> <!-- AddTshirtstocart -->
</testsuite> <!-- FirefoxBrowser -->
